# JRE version: OpenJDK Runtime Environment Temurin-21.0.7+6 (21.0.7+6) (build 21.0.7+6-LTS)
# Java VM: OpenJDK 64-Bit Server VM Temurin-21.0.7+6 (21.0.7+6-LTS, mixed mode, sharing, tiered, compressed oops, compressed class ptrs, parallel gc, windows-amd64)
GC Precious Log:
 CardTable entry size: 512
 CPUs: 8 total, 8 available
 Memory: 6005M
 Large Page Support: Disabled
 NUMA Support: Disabled
 Compressed Oops: Enabled (32-bit)
 Alignments: Space 512K, Generation 512K, Heap 2M
 Heap Min Capacity: 100M
 Heap Initial Capacity: 100M
 Heap Max Capacity: 1G
 Pre-touch: Disabled
 Parallel Workers: 8
Heap:
 PSYoungGen      total 12800K, used 8066K [0x00000000eab00000, 0x00000000eba80000, 0x0000000100000000)
  eden space 10240K, 57% used [0x00000000eab00000,0x00000000eb0cbfd0,0x00000000eb500000)
  from space 2560K, 83% used [0x00000000eb800000,0x00000000eba14ac8,0x00000000eba80000)
  to   space 2560K, 0% used [0x00000000eb580000,0x00000000eb580000,0x00000000eb800000)
 ParOldGen       total 96256K, used 96235K [0x00000000c0000000, 0x00000000c5e00000, 0x00000000eab00000)
  object space 96256K, 99% used [0x00000000c0000000,0x00000000c5dfacb8,0x00000000c5e00000)
 Metaspace       used 60627K, committed 61952K, reserved 1114112K
  class space    used 6541K, committed 7104K, reserved 1048576K
GC Heap History (20 events):
Event: 19.702 GC heap before
{Heap before GC invocations=47 (full 3):
 PSYoungGen      total 14336K, used 13312K [0x00000000eab00000, 0x00000000ebb80000, 0x0000000100000000)
  eden space 13312K, 100% used [0x00000000eab00000,0x00000000eb800000,0x00000000eb800000)
  from space 1024K, 0% used [0x00000000eb800000,0x00000000eb800000,0x00000000eb900000)
  to   space 1536K, 0% used [0x00000000eba00000,0x00000000eba00000,0x00000000ebb80000)
 ParOldGen       total 83456K, used 68510K [0x00000000c0000000, 0x00000000c5180000, 0x00000000eab00000)
  object space 83456K, 82% used [0x00000000c0000000,0x00000000c42e7958,0x00000000c5180000)
 Metaspace       used 58654K, committed 60032K, reserved 1114112K
  class space    used 6206K, committed 6784K, reserved 1048576K
}
Event: 19.704 GC heap after
{Heap after GC invocations=47 (full 3):
 PSYoungGen      total 13312K, used 1509K [0x00000000eab00000, 0x00000000ebf00000, 0x0000000100000000)
  eden space 11776K, 0% used [0x00000000eab00000,0x00000000eab00000,0x00000000eb680000)
  from space 1536K, 98% used [0x00000000eba00000,0x00000000ebb79470,0x00000000ebb80000)
  to   space 3584K, 0% used [0x00000000eb680000,0x00000000eb680000,0x00000000eba00000)
 ParOldGen       total 83456K, used 69952K [0x00000000c0000000, 0x00000000c5180000, 0x00000000eab00000)
  object space 83456K, 83% used [0x00000000c0000000,0x00000000c4450130,0x00000000c5180000)
 Metaspace       used 58654K, committed 60032K, reserved 1114112K
  class space    used 6206K, committed 6784K, reserved 1048576K
}
Event: 19.857 GC heap before
{Heap before GC invocations=48 (full 3):
 PSYoungGen      total 13312K, used 13285K [0x00000000eab00000, 0x00000000ebf00000, 0x0000000100000000)
  eden space 11776K, 100% used [0x00000000eab00000,0x00000000eb680000,0x00000000eb680000)
  from space 1536K, 98% used [0x00000000eba00000,0x00000000ebb79470,0x00000000ebb80000)
  to   space 3584K, 0% used [0x00000000eb680000,0x00000000eb680000,0x00000000eba00000)
 ParOldGen       total 83456K, used 69952K [0x00000000c0000000, 0x00000000c5180000, 0x00000000eab00000)
  object space 83456K, 83% used [0x00000000c0000000,0x00000000c4450130,0x00000000c5180000)
 Metaspace       used 58673K, committed 60032K, reserved 1114112K
  class space    used 6210K, committed 6784K, reserved 1048576K
}
Event: 19.860 GC heap after
{Heap after GC invocations=48 (full 3):
 PSYoungGen      total 15360K, used 3558K [0x00000000eab00000, 0x00000000ec380000, 0x0000000100000000)
  eden space 11776K, 0% used [0x00000000eab00000,0x00000000eab00000,0x00000000eb680000)
  from space 3584K, 99% used [0x00000000eb680000,0x00000000eb9f9910,0x00000000eba00000)
  to   space 6656K, 0% used [0x00000000ebd00000,0x00000000ebd00000,0x00000000ec380000)
 ParOldGen       total 83456K, used 72162K [0x00000000c0000000, 0x00000000c5180000, 0x00000000eab00000)
  object space 83456K, 86% used [0x00000000c0000000,0x00000000c4678a40,0x00000000c5180000)
 Metaspace       used 58673K, committed 60032K, reserved 1114112K
  class space    used 6210K, committed 6784K, reserved 1048576K
}
Event: 19.974 GC heap before
{Heap before GC invocations=49 (full 3):
 PSYoungGen      total 15360K, used 15334K [0x00000000eab00000, 0x00000000ec380000, 0x0000000100000000)
  eden space 11776K, 100% used [0x00000000eab00000,0x00000000eb680000,0x00000000eb680000)
  from space 3584K, 99% used [0x00000000eb680000,0x00000000eb9f9910,0x00000000eba00000)
  to   space 6656K, 0% used [0x00000000ebd00000,0x00000000ebd00000,0x00000000ec380000)
 ParOldGen       total 83456K, used 72162K [0x00000000c0000000, 0x00000000c5180000, 0x00000000eab00000)
  object space 83456K, 86% used [0x00000000c0000000,0x00000000c4678a40,0x00000000c5180000)
 Metaspace       used 58674K, committed 60032K, reserved 1114112K
  class space    used 6210K, committed 6784K, reserved 1048576K
}
Event: 19.980 GC heap after
{Heap after GC invocations=49 (full 3):
 PSYoungGen      total 17920K, used 6453K [0x00000000eab00000, 0x00000000ec480000, 0x0000000100000000)
  eden space 11264K, 0% used [0x00000000eab00000,0x00000000eab00000,0x00000000eb600000)
  from space 6656K, 96% used [0x00000000ebd00000,0x00000000ec34d770,0x00000000ec380000)
  to   space 7168K, 0% used [0x00000000eb600000,0x00000000eb600000,0x00000000ebd00000)
 ParOldGen       total 83456K, used 75686K [0x00000000c0000000, 0x00000000c5180000, 0x00000000eab00000)
  object space 83456K, 90% used [0x00000000c0000000,0x00000000c49e9ae0,0x00000000c5180000)
 Metaspace       used 58674K, committed 60032K, reserved 1114112K
  class space    used 6210K, committed 6784K, reserved 1048576K
}
Event: 20.150 GC heap before
{Heap before GC invocations=50 (full 3):
 PSYoungGen      total 17920K, used 17717K [0x00000000eab00000, 0x00000000ec480000, 0x0000000100000000)
  eden space 11264K, 100% used [0x00000000eab00000,0x00000000eb600000,0x00000000eb600000)
  from space 6656K, 96% used [0x00000000ebd00000,0x00000000ec34d770,0x00000000ec380000)
  to   space 7168K, 0% used [0x00000000eb600000,0x00000000eb600000,0x00000000ebd00000)
 ParOldGen       total 83456K, used 75686K [0x00000000c0000000, 0x00000000c5180000, 0x00000000eab00000)
  object space 83456K, 90% used [0x00000000c0000000,0x00000000c49e9ae0,0x00000000c5180000)
 Metaspace       used 59104K, committed 60416K, reserved 1114112K
  class space    used 6287K, committed 6848K, reserved 1048576K
}
Event: 20.153 GC heap after
{Heap after GC invocations=50 (full 3):
 PSYoungGen      total 13824K, used 2048K [0x00000000eab00000, 0x00000000ebe00000, 0x0000000100000000)
  eden space 11264K, 0% used [0x00000000eab00000,0x00000000eab00000,0x00000000eb600000)
  from space 2560K, 80% used [0x00000000eb600000,0x00000000eb800388,0x00000000eb880000)
  to   space 4096K, 0% used [0x00000000eba00000,0x00000000eba00000,0x00000000ebe00000)
 ParOldGen       total 83456K, used 81989K [0x00000000c0000000, 0x00000000c5180000, 0x00000000eab00000)
  object space 83456K, 98% used [0x00000000c0000000,0x00000000c50116e8,0x00000000c5180000)
 Metaspace       used 59104K, committed 60416K, reserved 1114112K
  class space    used 6287K, committed 6848K, reserved 1048576K
}
Event: 20.278 GC heap before
{Heap before GC invocations=51 (full 3):
 PSYoungGen      total 13824K, used 13312K [0x00000000eab00000, 0x00000000ebe00000, 0x0000000100000000)
  eden space 11264K, 100% used [0x00000000eab00000,0x00000000eb600000,0x00000000eb600000)
  from space 2560K, 80% used [0x00000000eb600000,0x00000000eb800388,0x00000000eb880000)
  to   space 4096K, 0% used [0x00000000eba00000,0x00000000eba00000,0x00000000ebe00000)
 ParOldGen       total 83456K, used 81989K [0x00000000c0000000, 0x00000000c5180000, 0x00000000eab00000)
  object space 83456K, 98% used [0x00000000c0000000,0x00000000c50116e8,0x00000000c5180000)
 Metaspace       used 59475K, committed 60800K, reserved 1114112K
  class space    used 6345K, committed 6912K, reserved 1048576K
}
Event: 20.281 GC heap after
{Heap after GC invocations=51 (full 3):
 PSYoungGen      total 13312K, used 1976K [0x00000000eab00000, 0x00000000ebc00000, 0x0000000100000000)
  eden space 11264K, 0% used [0x00000000eab00000,0x00000000eab00000,0x00000000eb600000)
  from space 2048K, 96% used [0x00000000eba00000,0x00000000ebbee278,0x00000000ebc00000)
  to   space 2560K, 0% used [0x00000000eb700000,0x00000000eb700000,0x00000000eb980000)
 ParOldGen       total 83968K, used 83810K [0x00000000c0000000, 0x00000000c5200000, 0x00000000eab00000)
  object space 83968K, 99% used [0x00000000c0000000,0x00000000c51d8bf8,0x00000000c5200000)
 Metaspace       used 59475K, committed 60800K, reserved 1114112K
  class space    used 6345K, committed 6912K, reserved 1048576K
}
Event: 20.411 GC heap before
{Heap before GC invocations=52 (full 3):
 PSYoungGen      total 13312K, used 13240K [0x00000000eab00000, 0x00000000ebc00000, 0x0000000100000000)
  eden space 11264K, 100% used [0x00000000eab00000,0x00000000eb600000,0x00000000eb600000)
  from space 2048K, 96% used [0x00000000eba00000,0x00000000ebbee278,0x00000000ebc00000)
  to   space 2560K, 0% used [0x00000000eb700000,0x00000000eb700000,0x00000000eb980000)
 ParOldGen       total 83968K, used 83810K [0x00000000c0000000, 0x00000000c5200000, 0x00000000eab00000)
  object space 83968K, 99% used [0x00000000c0000000,0x00000000c51d8bf8,0x00000000c5200000)
 Metaspace       used 59724K, committed 61056K, reserved 1114112K
  class space    used 6397K, committed 6976K, reserved 1048576K
}
Event: 20.414 GC heap after
{Heap after GC invocations=52 (full 3):
 PSYoungGen      total 13824K, used 2521K [0x00000000eab00000, 0x00000000ebc00000, 0x0000000100000000)
  eden space 11264K, 0% used [0x00000000eab00000,0x00000000eab00000,0x00000000eb600000)
  from space 2560K, 98% used [0x00000000eb700000,0x00000000eb9765e0,0x00000000eb980000)
  to   space 2560K, 0% used [0x00000000eb980000,0x00000000eb980000,0x00000000ebc00000)
 ParOldGen       total 86016K, used 85648K [0x00000000c0000000, 0x00000000c5400000, 0x00000000eab00000)
  object space 86016K, 99% used [0x00000000c0000000,0x00000000c53a4138,0x00000000c5400000)
 Metaspace       used 59724K, committed 61056K, reserved 1114112K
  class space    used 6397K, committed 6976K, reserved 1048576K
}
Event: 20.492 GC heap before
{Heap before GC invocations=53 (full 3):
 PSYoungGen      total 13824K, used 13785K [0x00000000eab00000, 0x00000000ebc00000, 0x0000000100000000)
  eden space 11264K, 100% used [0x00000000eab00000,0x00000000eb600000,0x00000000eb600000)
  from space 2560K, 98% used [0x00000000eb700000,0x00000000eb9765e0,0x00000000eb980000)
  to   space 2560K, 0% used [0x00000000eb980000,0x00000000eb980000,0x00000000ebc00000)
 ParOldGen       total 86016K, used 85648K [0x00000000c0000000, 0x00000000c5400000, 0x00000000eab00000)
  object space 86016K, 99% used [0x00000000c0000000,0x00000000c53a4138,0x00000000c5400000)
 Metaspace       used 59904K, committed 61312K, reserved 1114112K
  class space    used 6438K, committed 7040K, reserved 1048576K
}
Event: 20.495 GC heap after
{Heap after GC invocations=53 (full 3):
 PSYoungGen      total 13824K, used 2308K [0x00000000eab00000, 0x00000000ebc00000, 0x0000000100000000)
  eden space 11264K, 0% used [0x00000000eab00000,0x00000000eab00000,0x00000000eb600000)
  from space 2560K, 90% used [0x00000000eb980000,0x00000000ebbc1288,0x00000000ebc00000)
  to   space 2560K, 0% used [0x00000000eb700000,0x00000000eb700000,0x00000000eb980000)
 ParOldGen       total 88576K, used 88087K [0x00000000c0000000, 0x00000000c5680000, 0x00000000eab00000)
  object space 88576K, 99% used [0x00000000c0000000,0x00000000c5605c60,0x00000000c5680000)
 Metaspace       used 59904K, committed 61312K, reserved 1114112K
  class space    used 6438K, committed 7040K, reserved 1048576K
}
Event: 20.602 GC heap before
{Heap before GC invocations=54 (full 3):
 PSYoungGen      total 13824K, used 13572K [0x00000000eab00000, 0x00000000ebc00000, 0x0000000100000000)
  eden space 11264K, 100% used [0x00000000eab00000,0x00000000eb600000,0x00000000eb600000)
  from space 2560K, 90% used [0x00000000eb980000,0x00000000ebbc1288,0x00000000ebc00000)
  to   space 2560K, 0% used [0x00000000eb700000,0x00000000eb700000,0x00000000eb980000)
 ParOldGen       total 88576K, used 88087K [0x00000000c0000000, 0x00000000c5680000, 0x00000000eab00000)
  object space 88576K, 99% used [0x00000000c0000000,0x00000000c5605c60,0x00000000c5680000)
 Metaspace       used 60078K, committed 61440K, reserved 1114112K
  class space    used 6468K, committed 7040K, reserved 1048576K
}
Event: 20.605 GC heap after
{Heap after GC invocations=54 (full 3):
 PSYoungGen      total 13824K, used 2273K [0x00000000eab00000, 0x00000000ebb00000, 0x0000000100000000)
  eden space 11264K, 0% used [0x00000000eab00000,0x00000000eab00000,0x00000000eb600000)
  from space 2560K, 88% used [0x00000000eb700000,0x00000000eb9385c8,0x00000000eb980000)
  to   space 1536K, 0% used [0x00000000eb980000,0x00000000eb980000,0x00000000ebb00000)
 ParOldGen       total 90624K, used 90214K [0x00000000c0000000, 0x00000000c5880000, 0x00000000eab00000)
  object space 90624K, 99% used [0x00000000c0000000,0x00000000c58198f8,0x00000000c5880000)
 Metaspace       used 60078K, committed 61440K, reserved 1114112K
  class space    used 6468K, committed 7040K, reserved 1048576K
}
Event: 20.706 GC heap before
{Heap before GC invocations=55 (full 3):
 PSYoungGen      total 13824K, used 13537K [0x00000000eab00000, 0x00000000ebb00000, 0x0000000100000000)
  eden space 11264K, 100% used [0x00000000eab00000,0x00000000eb600000,0x00000000eb600000)
  from space 2560K, 88% used [0x00000000eb700000,0x00000000eb9385c8,0x00000000eb980000)
  to   space 1536K, 0% used [0x00000000eb980000,0x00000000eb980000,0x00000000ebb00000)
 ParOldGen       total 90624K, used 90214K [0x00000000c0000000, 0x00000000c5880000, 0x00000000eab00000)
  object space 90624K, 99% used [0x00000000c0000000,0x00000000c58198f8,0x00000000c5880000)
 Metaspace       used 60089K, committed 61440K, reserved 1114112K
  class space    used 6468K, committed 7040K, reserved 1048576K
}
Event: 20.709 GC heap after
{Heap after GC invocations=55 (full 3):
 PSYoungGen      total 11776K, used 1518K [0x00000000eab00000, 0x00000000ebf00000, 0x0000000100000000)
  eden space 10240K, 0% used [0x00000000eab00000,0x00000000eab00000,0x00000000eb500000)
  from space 1536K, 98% used [0x00000000eb980000,0x00000000ebafb890,0x00000000ebb00000)
  to   space 4608K, 0% used [0x00000000eb500000,0x00000000eb500000,0x00000000eb980000)
 ParOldGen       total 93184K, used 92816K [0x00000000c0000000, 0x00000000c5b00000, 0x00000000eab00000)
  object space 93184K, 99% used [0x00000000c0000000,0x00000000c5aa4160,0x00000000c5b00000)
 Metaspace       used 60089K, committed 61440K, reserved 1114112K
  class space    used 6468K, committed 7040K, reserved 1048576K
}
Event: 20.775 GC heap before
{Heap before GC invocations=56 (full 3):
 PSYoungGen      total 11776K, used 11758K [0x00000000eab00000, 0x00000000ebf00000, 0x0000000100000000)
  eden space 10240K, 100% used [0x00000000eab00000,0x00000000eb500000,0x00000000eb500000)
  from space 1536K, 98% used [0x00000000eb980000,0x00000000ebafb890,0x00000000ebb00000)
  to   space 4608K, 0% used [0x00000000eb500000,0x00000000eb500000,0x00000000eb980000)
 ParOldGen       total 93184K, used 92816K [0x00000000c0000000, 0x00000000c5b00000, 0x00000000eab00000)
  object space 93184K, 99% used [0x00000000c0000000,0x00000000c5aa4160,0x00000000c5b00000)
 Metaspace       used 60283K, committed 61696K, reserved 1114112K
  class space    used 6497K, committed 7104K, reserved 1048576K
}
Event: 20.778 GC heap after
{Heap after GC invocations=56 (full 3):
 PSYoungGen      total 12288K, used 2044K [0x00000000eab00000, 0x00000000ebb00000, 0x0000000100000000)
  eden space 10240K, 0% used [0x00000000eab00000,0x00000000eab00000,0x00000000eb500000)
  from space 2048K, 99% used [0x00000000eb500000,0x00000000eb6ff1e8,0x00000000eb700000)
  to   space 3072K, 0% used [0x00000000eb800000,0x00000000eb800000,0x00000000ebb00000)
 ParOldGen       total 94720K, used 94292K [0x00000000c0000000, 0x00000000c5c80000, 0x00000000eab00000)
  object space 94720K, 99% used [0x00000000c0000000,0x00000000c5c150c8,0x00000000c5c80000)
 Metaspace       used 60283K, committed 61696K, reserved 1114112K
  class space    used 6497K, committed 7104K, reserved 1048576K
}

